# JRE version: Java(TM) SE Runtime Environment (8.0_92-b14) (build 1.8.0_92-b14)
# Java VM: Java HotSpot(TM) Client VM (25.92-b14 mixed mode windows-x86 )
Heap:
 def new generation   total 39424K, used 22096K [0x04c00000, 0x076c0000, 0x0f6a0000)
  eden space 35072K,  51% used [0x04c00000, 0x05dce6e0, 0x06e40000)
  from space 4352K,  88% used [0x07280000, 0x07645a40, 0x076c0000)
  to   space 4352K,   0% used [0x06e40000, 0x06e40000, 0x07280000)
 tenured generation   total 87424K, used 30374K [0x0f6a0000, 0x14c00000, 0x24c00000)
   the space 87424K,  34% used [0x0f6a0000, 0x11449a48, 0x11449c00, 0x14c00000)
 Metaspace       used 19464K, capacity 19946K, committed 20096K, reserved 20864K
GC Heap History (10 events):
Event: 1.846 GC heap before
{Heap before GC invocations=3 (full 1):
 def new generation   total 39424K, used 31562K [0x04c00000, 0x076c0000, 0x0f6a0000)
  eden space 35072K,  89% used [0x04c00000, 0x06ad2bf0, 0x06e40000)
  from space 4352K,   0% used [0x06e40000, 0x06e40000, 0x07280000)
  to   space 4352K,   0% used [0x07280000, 0x07280000, 0x076c0000)
 tenured generation   total 87424K, used 16432K [0x0f6a0000, 0x14c00000, 0x24c00000)
   the space 87424K,  18% used [0x0f6a0000, 0x106ac290, 0x106ac400, 0x14c00000)
 Metaspace       used 17208K, capacity 17641K, committed 17792K, reserved 17792K
Event: 1.856 GC heap after
Heap after GC invocations=4 (full 1):
 def new generation   total 39424K, used 4352K [0x04c00000, 0x076c0000, 0x0f6a0000)
  eden space 35072K,   0% used [0x04c00000, 0x04c00000, 0x06e40000)
  from space 4352K, 100% used [0x07280000, 0x076c0000, 0x076c0000)
  to   space 4352K,   0% used [0x06e40000, 0x06e40000, 0x07280000)
 tenured generation   total 87424K, used 18022K [0x0f6a0000, 0x14c00000, 0x24c00000)
   the space 87424K,  20% used [0x0f6a0000, 0x10839b50, 0x10839c00, 0x14c00000)
 Metaspace       used 17208K, capacity 17641K, committed 17792K, reserved 17792K
}
Event: 63.130 GC heap before
{Heap before GC invocations=4 (full 1):
 def new generation   total 39424K, used 39424K [0x04c00000, 0x076c0000, 0x0f6a0000)
  eden space 35072K, 100% used [0x04c00000, 0x06e40000, 0x06e40000)
  from space 4352K, 100% used [0x07280000, 0x076c0000, 0x076c0000)
  to   space 4352K,   0% used [0x06e40000, 0x06e40000, 0x07280000)
 tenured generation   total 87424K, used 18022K [0x0f6a0000, 0x14c00000, 0x24c00000)
   the space 87424K,  20% used [0x0f6a0000, 0x10839b50, 0x10839c00, 0x14c00000)
 Metaspace       used 19169K, capacity 19656K, committed 19712K, reserved 19840K
Event: 63.143 GC heap after
Heap after GC invocations=5 (full 1):
 def new generation   total 39424K, used 4352K [0x04c00000, 0x076c0000, 0x0f6a0000)
  eden space 35072K,   0% used [0x04c00000, 0x04c00000, 0x06e40000)
  from space 4352K, 100% used [0x06e40000, 0x07280000, 0x07280000)
  to   space 4352K,   0% used [0x07280000, 0x07280000, 0x076c0000)
 tenured generation   total 87424K, used 24528K [0x0f6a0000, 0x14c00000, 0x24c00000)
   the space 87424K,  28% used [0x0f6a0000, 0x10e94028, 0x10e94200, 0x14c00000)
 Metaspace       used 19169K, capacity 19656K, committed 19712K, reserved 19840K
}
Event: 336.684 GC heap before
{Heap before GC invocations=5 (full 1):
 def new generation   total 39424K, used 39424K [0x04c00000, 0x076c0000, 0x0f6a0000)
  eden space 35072K, 100% used [0x04c00000, 0x06e40000, 0x06e40000)
  from space 4352K, 100% used [0x06e40000, 0x07280000, 0x07280000)
  to   space 4352K,   0% used [0x07280000, 0x07280000, 0x076c0000)
 tenured generation   total 87424K, used 24528K [0x0f6a0000, 0x14c00000, 0x24c00000)
   the space 87424K,  28% used [0x0f6a0000, 0x10e94028, 0x10e94200, 0x14c00000)
 Metaspace       used 19452K, capacity 19914K, committed 20096K, reserved 20864K
Event: 336.696 GC heap after
Heap after GC invocations=6 (full 1):
 def new generation   total 39424K, used 3436K [0x04c00000, 0x076c0000, 0x0f6a0000)
  eden space 35072K,   0% used [0x04c00000, 0x04c00000, 0x06e40000)
  from space 4352K,  78% used [0x07280000, 0x075db260, 0x076c0000)
  to   space 4352K,   0% used [0x06e40000, 0x06e40000, 0x07280000)
 tenured generation   total 87424K, used 27267K [0x0f6a0000, 0x14c00000, 0x24c00000)
   the space 87424K,  31% used [0x0f6a0000, 0x11140c98, 0x11140e00, 0x14c00000)
 Metaspace       used 19452K, capacity 19914K, committed 20096K, reserved 20864K
}
Event: 337.027 GC heap before
{Heap before GC invocations=6 (full 1):
 def new generation   total 39424K, used 38508K [0x04c00000, 0x076c0000, 0x0f6a0000)
  eden space 35072K, 100% used [0x04c00000, 0x06e40000, 0x06e40000)
  from space 4352K,  78% used [0x07280000, 0x075db260, 0x076c0000)
  to   space 4352K,   0% used [0x06e40000, 0x06e40000, 0x07280000)
 tenured generation   total 87424K, used 27267K [0x0f6a0000, 0x14c00000, 0x24c00000)
   the space 87424K,  31% used [0x0f6a0000, 0x11140c98, 0x11140e00, 0x14c00000)
 Metaspace       used 19452K, capacity 19914K, committed 20096K, reserved 20864K
Event: 337.033 GC heap after
Heap after GC invocations=7 (full 1):
 def new generation   total 39424K, used 413K [0x04c00000, 0x076c0000, 0x0f6a0000)
  eden space 35072K,   0% used [0x04c00000, 0x04c00000, 0x06e40000)
  from space 4352K,   9% used [0x06e40000, 0x06ea7618, 0x07280000)
  to   space 4352K,   0% used [0x07280000, 0x07280000, 0x076c0000)
 tenured generation   total 87424K, used 30374K [0x0f6a0000, 0x14c00000, 0x24c00000)
   the space 87424K,  34% used [0x0f6a0000, 0x11449a48, 0x11449c00, 0x14c00000)
 Metaspace       used 19452K, capacity 19914K, committed 20096K, reserved 20864K
}
Event: 341.329 GC heap before
{Heap before GC invocations=7 (full 1):
 def new generation   total 39424K, used 35485K [0x04c00000, 0x076c0000, 0x0f6a0000)
  eden space 35072K, 100% used [0x04c00000, 0x06e40000, 0x06e40000)
  from space 4352K,   9% used [0x06e40000, 0x06ea7618, 0x07280000)
  to   space 4352K,   0% used [0x07280000, 0x07280000, 0x076c0000)
 tenured generation   total 87424K, used 30374K [0x0f6a0000, 0x14c00000, 0x24c00000)
   the space 87424K,  34% used [0x0f6a0000, 0x11449a48, 0x11449c00, 0x14c00000)
 Metaspace       used 19458K, capacity 19946K, committed 20096K, reserved 20864K
Event: 341.336 GC heap after
Heap after GC invocations=8 (full 1):
 def new generation   total 39424K, used 3862K [0x04c00000, 0x076c0000, 0x0f6a0000)
  eden space 35072K,   0% used [0x04c00000, 0x04c00000, 0x06e40000)
  from space 4352K,  88% used [0x07280000, 0x07645a40, 0x076c0000)
  to   space 4352K,   0% used [0x06e40000, 0x06e40000, 0x07280000)
 tenured generation   total 87424K, used 30374K [0x0f6a0000, 0x14c00000, 0x24c00000)
   the space 87424K,  34% used [0x0f6a0000, 0x11449a48, 0x11449c00, 0x14c00000)
 Metaspace       used 19458K, capacity 19946K, committed 20096K, reserved 20864K
}

