# JRE version: Java(TM) SE Runtime Environment (8.0_92-b14) (build 1.8.0_92-b14)
# Java VM: Java HotSpot(TM) Client VM (25.92-b14 mixed mode windows-x86 )
Heap:
 def new generation   total 39424K, used 7341K [0x05200000, 0x07cc0000, 0x0fca0000)
  eden space 35072K,   9% used [0x05200000, 0x05518248, 0x07440000)
  from space 4352K,  95% used [0x07880000, 0x07c93418, 0x07cc0000)
  to   space 4352K,   0% used [0x07440000, 0x07440000, 0x07880000)
 tenured generation   total 87424K, used 27150K [0x0fca0000, 0x15200000, 0x25200000)
   the space 87424K,  31% used [0x0fca0000, 0x11723960, 0x11723a00, 0x15200000)
 Metaspace       used 19525K, capacity 20011K, committed 20096K, reserved 20864K
GC Heap History (10 events):
Event: 1.062 GC heap before
{Heap before GC invocations=1 (full 0):
 def new generation   total 39296K, used 39296K [0x05200000, 0x07ca0000, 0x0fca0000)
  eden space 34944K, 100% used [0x05200000, 0x07420000, 0x07420000)
  from space 4352K, 100% used [0x07860000, 0x07ca0000, 0x07ca0000)
  to   space 4352K,   0% used [0x07420000, 0x07420000, 0x07860000)
 tenured generation   total 87424K, used 2797K [0x0fca0000, 0x15200000, 0x25200000)
   the space 87424K,   3% used [0x0fca0000, 0x0ff5b468, 0x0ff5b600, 0x15200000)
 Metaspace       used 10977K, capacity 11322K, committed 11392K, reserved 11648K
Event: 1.085 GC heap after
Heap after GC invocations=2 (full 0):
 def new generation   total 39296K, used 4352K [0x05200000, 0x07ca0000, 0x0fca0000)
  eden space 34944K,   0% used [0x05200000, 0x05200000, 0x07420000)
  from space 4352K, 100% used [0x07420000, 0x07860000, 0x07860000)
  to   space 4352K,   0% used [0x07860000, 0x07860000, 0x07ca0000)
 tenured generation   total 87424K, used 10009K [0x0fca0000, 0x15200000, 0x25200000)
   the space 87424K,  11% used [0x0fca0000, 0x106667b8, 0x10666800, 0x15200000)
 Metaspace       used 10977K, capacity 11322K, committed 11392K, reserved 11648K
}
Event: 1.265 GC heap before
{Heap before GC invocations=2 (full 0):
 def new generation   total 39296K, used 18877K [0x05200000, 0x07ca0000, 0x0fca0000)
  eden space 34944K,  41% used [0x05200000, 0x0602f590, 0x07420000)
  from space 4352K, 100% used [0x07420000, 0x07860000, 0x07860000)
  to   space 4352K,   0% used [0x07860000, 0x07860000, 0x07ca0000)
 tenured generation   total 87424K, used 10009K [0x0fca0000, 0x15200000, 0x25200000)
   the space 87424K,  11% used [0x0fca0000, 0x106667b8, 0x10666800, 0x15200000)
 Metaspace       used 11905K, capacity 12265K, committed 12288K, reserved 12672K
Event: 1.308 GC heap after
Heap after GC invocations=3 (full 1):
 def new generation   total 39424K, used 0K [0x05200000, 0x07cc0000, 0x0fca0000)
  eden space 35072K,   0% used [0x05200000, 0x05200000, 0x07440000)
  from space 4352K,   0% used [0x07440000, 0x07440000, 0x07880000)
  to   space 4352K,   0% used [0x07880000, 0x07880000, 0x07cc0000)
 tenured generation   total 87424K, used 15759K [0x0fca0000, 0x15200000, 0x25200000)
   the space 87424K,  18% used [0x0fca0000, 0x10c03e30, 0x10c04000, 0x15200000)
 Metaspace       used 11905K, capacity 12265K, committed 12288K, reserved 12672K
}
Event: 2.153 GC heap before
{Heap before GC invocations=3 (full 1):
 def new generation   total 39424K, used 35072K [0x05200000, 0x07cc0000, 0x0fca0000)
  eden space 35072K, 100% used [0x05200000, 0x07440000, 0x07440000)
  from space 4352K,   0% used [0x07440000, 0x07440000, 0x07880000)
  to   space 4352K,   0% used [0x07880000, 0x07880000, 0x07cc0000)
 tenured generation   total 87424K, used 15759K [0x0fca0000, 0x15200000, 0x25200000)
   the space 87424K,  18% used [0x0fca0000, 0x10c03e30, 0x10c04000, 0x15200000)
 Metaspace       used 17014K, capacity 17438K, committed 17536K, reserved 17792K
Event: 2.166 GC heap after
Heap after GC invocations=4 (full 1):
 def new generation   total 39424K, used 4352K [0x05200000, 0x07cc0000, 0x0fca0000)
  eden space 35072K,   0% used [0x05200000, 0x05200000, 0x07440000)
  from space 4352K, 100% used [0x07880000, 0x07cc0000, 0x07cc0000)
  to   space 4352K,   0% used [0x07440000, 0x07440000, 0x07880000)
 tenured generation   total 87424K, used 17830K [0x0fca0000, 0x15200000, 0x25200000)
   the space 87424K,  20% used [0x0fca0000, 0x10e09ba0, 0x10e09c00, 0x15200000)
 Metaspace       used 17014K, capacity 17438K, committed 17536K, reserved 17792K
}
Event: 62.752 GC heap before
{Heap before GC invocations=4 (full 1):
 def new generation   total 39424K, used 39424K [0x05200000, 0x07cc0000, 0x0fca0000)
  eden space 35072K, 100% used [0x05200000, 0x07440000, 0x07440000)
  from space 4352K, 100% used [0x07880000, 0x07cc0000, 0x07cc0000)
  to   space 4352K,   0% used [0x07440000, 0x07440000, 0x07880000)
 tenured generation   total 87424K, used 17830K [0x0fca0000, 0x15200000, 0x25200000)
   the space 87424K,  20% used [0x0fca0000, 0x10e09ba0, 0x10e09c00, 0x15200000)
 Metaspace       used 17898K, capacity 18363K, committed 18432K, reserved 18816K
Event: 62.773 GC heap after
Heap after GC invocations=5 (full 1):
 def new generation   total 39424K, used 4352K [0x05200000, 0x07cc0000, 0x0fca0000)
  eden space 35072K,   0% used [0x05200000, 0x05200000, 0x07440000)
  from space 4352K, 100% used [0x07440000, 0x07880000, 0x07880000)
  to   space 4352K,   0% used [0x07880000, 0x07880000, 0x07cc0000)
 tenured generation   total 87424K, used 22838K [0x0fca0000, 0x15200000, 0x25200000)
   the space 87424K,  26% used [0x0fca0000, 0x112ed828, 0x112eda00, 0x15200000)
 Metaspace       used 17898K, capacity 18363K, committed 18432K, reserved 18816K
}
Event: 70.960 GC heap before
{Heap before GC invocations=5 (full 1):
 def new generation   total 39424K, used 39424K [0x05200000, 0x07cc0000, 0x0fca0000)
  eden space 35072K, 100% used [0x05200000, 0x07440000, 0x07440000)
  from space 4352K, 100% used [0x07440000, 0x07880000, 0x07880000)
  to   space 4352K,   0% used [0x07880000, 0x07880000, 0x07cc0000)
 tenured generation   total 87424K, used 22838K [0x0fca0000, 0x15200000, 0x25200000)
   the space 87424K,  26% used [0x0fca0000, 0x112ed828, 0x112eda00, 0x15200000)
 Metaspace       used 19525K, capacity 20011K, committed 20096K, reserved 20864K
Event: 70.972 GC heap after
Heap after GC invocations=6 (full 1):
 def new generation   total 39424K, used 4173K [0x05200000, 0x07cc0000, 0x0fca0000)
  eden space 35072K,   0% used [0x05200000, 0x05200000, 0x07440000)
  from space 4352K,  95% used [0x07880000, 0x07c93418, 0x07cc0000)
  to   space 4352K,   0% used [0x07440000, 0x07440000, 0x07880000)
 tenured generation   total 87424K, used 27150K [0x0fca0000, 0x15200000, 0x25200000)
   the space 87424K,  31% used [0x0fca0000, 0x11723960, 0x11723a00, 0x15200000)
 Metaspace       used 19525K, capacity 20011K, committed 20096K, reserved 20864K
}

